2025/06/05 04:30:09 main.go:169: Node nodeB starting on port 5001...
2025/06/05 04:31:09 node.go:1221: Node Stats:
2025/06/05 04:31:09 node.go:1222:   Operations: GET(0/0) PUT(0/0)
2025/06/05 04:31:09 node.go:1225:   Latency: GET[avg:0ms max:0ms] PUT[avg:0ms max:0ms]
2025/06/05 04:31:09 node.go:1230:   Conflicts: detected:0 resolved:0
2025/06/05 04:31:09 node.go:1232:   Hints: stored:0 delivered:0
2025/06/05 04:32:09 node.go:1221: Node Stats:
2025/06/05 04:32:09 node.go:1222:   Operations: GET(0/0) PUT(0/0)
2025/06/05 04:32:09 node.go:1225:   Latency: GET[avg:0ms max:0ms] PUT[avg:0ms max:0ms]
2025/06/05 04:32:09 node.go:1230:   Conflicts: detected:0 resolved:0
2025/06/05 04:32:09 node.go:1232:   Hints: stored:0 delivered:0
2025/06/05 04:33:09 node.go:1221: Node Stats:
2025/06/05 04:33:09 node.go:1222:   Operations: GET(0/0) PUT(0/0)
2025/06/05 04:33:09 node.go:1225:   Latency: GET[avg:0ms max:0ms] PUT[avg:0ms max:0ms]
2025/06/05 04:33:09 node.go:1230:   Conflicts: detected:0 resolved:0
2025/06/05 04:33:09 node.go:1232:   Hints: stored:0 delivered:0
2025/06/05 04:34:09 node.go:1221: Node Stats:
2025/06/05 04:34:09 node.go:1222:   Operations: GET(0/0) PUT(0/0)
2025/06/05 04:34:09 node.go:1225:   Latency: GET[avg:0ms max:0ms] PUT[avg:0ms max:0ms]
2025/06/05 04:34:09 node.go:1230:   Conflicts: detected:0 resolved:0
2025/06/05 04:34:09 node.go:1232:   Hints: stored:0 delivered:0
2025/06/05 04:35:09 node.go:1221: Node Stats:
2025/06/05 04:35:09 node.go:1222:   Operations: GET(0/0) PUT(0/0)
2025/06/05 04:35:09 node.go:1225:   Latency: GET[avg:0ms max:0ms] PUT[avg:0ms max:0ms]
2025/06/05 04:35:09 node.go:1230:   Conflicts: detected:0 resolved:0
2025/06/05 04:35:09 node.go:1232:   Hints: stored:0 delivered:0
2025/06/05 04:36:09 node.go:1221: Node Stats:
2025/06/05 04:36:09 node.go:1222:   Operations: GET(0/0) PUT(0/0)
2025/06/05 04:36:09 node.go:1225:   Latency: GET[avg:0ms max:0ms] PUT[avg:0ms max:0ms]
2025/06/05 04:36:09 node.go:1230:   Conflicts: detected:0 resolved:0
2025/06/05 04:36:09 node.go:1232:   Hints: stored:0 delivered:0
2025/06/05 04:37:09 node.go:1221: Node Stats:
2025/06/05 04:37:09 node.go:1222:   Operations: GET(0/0) PUT(0/0)
2025/06/05 04:37:09 node.go:1225:   Latency: GET[avg:0ms max:0ms] PUT[avg:0ms max:0ms]
2025/06/05 04:37:09 node.go:1230:   Conflicts: detected:0 resolved:0
2025/06/05 04:37:09 node.go:1232:   Hints: stored:0 delivered:0
2025/06/05 04:38:09 node.go:1221: Node Stats:
2025/06/05 04:38:09 node.go:1222:   Operations: GET(0/0) PUT(0/0)
2025/06/05 04:38:09 node.go:1225:   Latency: GET[avg:0ms max:0ms] PUT[avg:0ms max:0ms]
2025/06/05 04:38:09 node.go:1230:   Conflicts: detected:0 resolved:0
2025/06/05 04:38:09 node.go:1232:   Hints: stored:0 delivered:0
2025/06/05 04:39:09 node.go:1221: Node Stats:
2025/06/05 04:39:09 node.go:1222:   Operations: GET(0/0) PUT(0/0)
2025/06/05 04:39:09 node.go:1225:   Latency: GET[avg:0ms max:0ms] PUT[avg:0ms max:0ms]
2025/06/05 04:39:09 node.go:1230:   Conflicts: detected:0 resolved:0
2025/06/05 04:39:09 node.go:1232:   Hints: stored:0 delivered:0
2025/06/05 04:40:09 node.go:1221: Node Stats:
2025/06/05 04:40:09 node.go:1222:   Operations: GET(0/0) PUT(0/0)
2025/06/05 04:40:09 node.go:1225:   Latency: GET[avg:0ms max:0ms] PUT[avg:0ms max:0ms]
2025/06/05 04:40:09 node.go:1230:   Conflicts: detected:0 resolved:0
2025/06/05 04:40:09 node.go:1232:   Hints: stored:0 delivered:0
2025/06/05 04:41:09 node.go:1221: Node Stats:
2025/06/05 04:41:09 node.go:1222:   Operations: GET(0/0) PUT(0/0)
2025/06/05 04:41:09 node.go:1225:   Latency: GET[avg:0ms max:0ms] PUT[avg:0ms max:0ms]
2025/06/05 04:41:09 node.go:1230:   Conflicts: detected:0 resolved:0
2025/06/05 04:41:09 node.go:1232:   Hints: stored:0 delivered:0
2025/06/05 04:42:09 node.go:1221: Node Stats:
2025/06/05 04:42:09 node.go:1222:   Operations: GET(0/0) PUT(0/0)
2025/06/05 04:42:09 node.go:1225:   Latency: GET[avg:0ms max:0ms] PUT[avg:0ms max:0ms]
2025/06/05 04:42:09 node.go:1230:   Conflicts: detected:0 resolved:0
2025/06/05 04:42:09 node.go:1232:   Hints: stored:0 delivered:0
2025/06/05 04:43:09 node.go:1221: Node Stats:
2025/06/05 04:43:09 node.go:1222:   Operations: GET(0/0) PUT(0/0)
2025/06/05 04:43:09 node.go:1225:   Latency: GET[avg:0ms max:0ms] PUT[avg:0ms max:0ms]
2025/06/05 04:43:09 node.go:1230:   Conflicts: detected:0 resolved:0
2025/06/05 04:43:09 node.go:1232:   Hints: stored:0 delivered:0
2025/06/05 04:44:09 node.go:1221: Node Stats:
2025/06/05 04:44:09 node.go:1222:   Operations: GET(0/0) PUT(0/0)
2025/06/05 04:44:09 node.go:1225:   Latency: GET[avg:0ms max:0ms] PUT[avg:0ms max:0ms]
2025/06/05 04:44:09 node.go:1230:   Conflicts: detected:0 resolved:0
2025/06/05 04:44:09 node.go:1232:   Hints: stored:0 delivered:0
2025/06/05 04:45:09 node.go:1221: Node Stats:
2025/06/05 04:45:09 node.go:1222:   Operations: GET(0/0) PUT(0/0)
2025/06/05 04:45:09 node.go:1225:   Latency: GET[avg:0ms max:0ms] PUT[avg:0ms max:0ms]
2025/06/05 04:45:09 node.go:1230:   Conflicts: detected:0 resolved:0
2025/06/05 04:45:09 node.go:1232:   Hints: stored:0 delivered:0
2025/06/05 04:46:09 node.go:1221: Node Stats:
2025/06/05 04:46:09 node.go:1222:   Operations: GET(0/0) PUT(0/0)
2025/06/05 04:46:09 node.go:1225:   Latency: GET[avg:0ms max:0ms] PUT[avg:0ms max:0ms]
2025/06/05 04:46:09 node.go:1230:   Conflicts: detected:0 resolved:0
2025/06/05 04:46:09 node.go:1232:   Hints: stored:0 delivered:0
2025/06/05 04:47:09 node.go:1221: Node Stats:
2025/06/05 04:47:09 node.go:1222:   Operations: GET(0/0) PUT(0/0)
2025/06/05 04:47:09 node.go:1225:   Latency: GET[avg:0ms max:0ms] PUT[avg:0ms max:0ms]
2025/06/05 04:47:09 node.go:1230:   Conflicts: detected:0 resolved:0
2025/06/05 04:47:09 node.go:1232:   Hints: stored:0 delivered:0
2025/06/05 04:48:09 node.go:1221: Node Stats:
2025/06/05 04:48:09 node.go:1222:   Operations: GET(0/0) PUT(0/0)
2025/06/05 04:48:09 node.go:1225:   Latency: GET[avg:0ms max:0ms] PUT[avg:0ms max:0ms]
2025/06/05 04:48:09 node.go:1230:   Conflicts: detected:0 resolved:0
2025/06/05 04:48:09 node.go:1232:   Hints: stored:0 delivered:0
2025/06/05 04:49:09 node.go:1221: Node Stats:
2025/06/05 04:49:09 node.go:1222:   Operations: GET(0/0) PUT(0/0)
2025/06/05 04:49:09 node.go:1225:   Latency: GET[avg:0ms max:0ms] PUT[avg:0ms max:0ms]
2025/06/05 04:49:09 node.go:1230:   Conflicts: detected:0 resolved:0
2025/06/05 04:49:09 node.go:1232:   Hints: stored:0 delivered:0
2025/06/05 04:50:09 node.go:1221: Node Stats:
2025/06/05 04:50:09 node.go:1222:   Operations: GET(0/0) PUT(0/0)
2025/06/05 04:50:09 node.go:1225:   Latency: GET[avg:0ms max:0ms] PUT[avg:0ms max:0ms]
2025/06/05 04:50:09 node.go:1230:   Conflicts: detected:0 resolved:0
2025/06/05 04:50:09 node.go:1232:   Hints: stored:0 delivered:0
2025/06/05 04:51:09 node.go:1221: Node Stats:
2025/06/05 04:51:09 node.go:1222:   Operations: GET(0/0) PUT(0/0)
2025/06/05 04:51:09 node.go:1225:   Latency: GET[avg:0ms max:0ms] PUT[avg:0ms max:0ms]
2025/06/05 04:51:09 node.go:1230:   Conflicts: detected:0 resolved:0
2025/06/05 04:51:09 node.go:1232:   Hints: stored:0 delivered:0
2025/06/05 04:52:09 node.go:1221: Node Stats:
2025/06/05 04:52:09 node.go:1222:   Operations: GET(0/0) PUT(0/0)
2025/06/05 04:52:09 node.go:1225:   Latency: GET[avg:0ms max:0ms] PUT[avg:0ms max:0ms]
2025/06/05 04:52:09 node.go:1230:   Conflicts: detected:0 resolved:0
2025/06/05 04:52:09 node.go:1232:   Hints: stored:0 delivered:0
2025/06/05 04:53:09 node.go:1221: Node Stats:
2025/06/05 04:53:09 node.go:1222:   Operations: GET(0/0) PUT(0/0)
2025/06/05 04:53:09 node.go:1225:   Latency: GET[avg:0ms max:0ms] PUT[avg:0ms max:0ms]
2025/06/05 04:53:09 node.go:1230:   Conflicts: detected:0 resolved:0
2025/06/05 04:53:09 node.go:1232:   Hints: stored:0 delivered:0
2025/06/05 04:54:09 node.go:1221: Node Stats:
2025/06/05 04:54:09 node.go:1222:   Operations: GET(0/0) PUT(0/0)
2025/06/05 04:54:09 node.go:1225:   Latency: GET[avg:0ms max:0ms] PUT[avg:0ms max:0ms]
2025/06/05 04:54:09 node.go:1230:   Conflicts: detected:0 resolved:0
2025/06/05 04:54:09 node.go:1232:   Hints: stored:0 delivered:0
2025/06/05 04:55:09 node.go:1221: Node Stats:
2025/06/05 04:55:09 node.go:1222:   Operations: GET(0/0) PUT(0/0)
2025/06/05 04:55:09 node.go:1225:   Latency: GET[avg:0ms max:0ms] PUT[avg:0ms max:0ms]
2025/06/05 04:55:09 node.go:1230:   Conflicts: detected:0 resolved:0
2025/06/05 04:55:09 node.go:1232:   Hints: stored:0 delivered:0
2025/06/05 04:56:09 node.go:1221: Node Stats:
2025/06/05 04:56:09 node.go:1222:   Operations: GET(0/0) PUT(0/0)
2025/06/05 04:56:09 node.go:1225:   Latency: GET[avg:0ms max:0ms] PUT[avg:0ms max:0ms]
2025/06/05 04:56:09 node.go:1230:   Conflicts: detected:0 resolved:0
2025/06/05 04:56:09 node.go:1232:   Hints: stored:0 delivered:0
2025/06/05 04:57:09 node.go:1221: Node Stats:
2025/06/05 04:57:09 node.go:1222:   Operations: GET(0/0) PUT(0/0)
2025/06/05 04:57:09 node.go:1225:   Latency: GET[avg:0ms max:0ms] PUT[avg:0ms max:0ms]
2025/06/05 04:57:09 node.go:1230:   Conflicts: detected:0 resolved:0
2025/06/05 04:57:09 node.go:1232:   Hints: stored:0 delivered:0
2025/06/05 04:58:09 node.go:1221: Node Stats:
2025/06/05 04:58:09 node.go:1222:   Operations: GET(0/0) PUT(0/0)
2025/06/05 04:58:09 node.go:1225:   Latency: GET[avg:0ms max:0ms] PUT[avg:0ms max:0ms]
2025/06/05 04:58:09 node.go:1230:   Conflicts: detected:0 resolved:0
2025/06/05 04:58:09 node.go:1232:   Hints: stored:0 delivered:0
2025/06/05 04:59:09 node.go:1221: Node Stats:
2025/06/05 04:59:09 node.go:1222:   Operations: GET(0/0) PUT(0/0)
2025/06/05 04:59:09 node.go:1225:   Latency: GET[avg:0ms max:0ms] PUT[avg:0ms max:0ms]
2025/06/05 04:59:09 node.go:1230:   Conflicts: detected:0 resolved:0
2025/06/05 04:59:09 node.go:1232:   Hints: stored:0 delivered:0
2025/06/05 05:00:09 node.go:1221: Node Stats:
2025/06/05 05:00:09 node.go:1222:   Operations: GET(0/0) PUT(0/0)
2025/06/05 05:00:09 node.go:1225:   Latency: GET[avg:0ms max:0ms] PUT[avg:0ms max:0ms]
2025/06/05 05:00:09 node.go:1230:   Conflicts: detected:0 resolved:0
2025/06/05 05:00:09 node.go:1232:   Hints: stored:0 delivered:0
2025/06/05 05:01:09 node.go:1221: Node Stats:
2025/06/05 05:01:09 node.go:1222:   Operations: GET(0/0) PUT(0/0)
2025/06/05 05:01:09 node.go:1225:   Latency: GET[avg:0ms max:0ms] PUT[avg:0ms max:0ms]
2025/06/05 05:01:09 node.go:1230:   Conflicts: detected:0 resolved:0
2025/06/05 05:01:09 node.go:1232:   Hints: stored:0 delivered:0
2025/06/05 05:02:09 node.go:1221: Node Stats:
2025/06/05 05:02:09 node.go:1222:   Operations: GET(0/0) PUT(0/0)
2025/06/05 05:02:09 node.go:1225:   Latency: GET[avg:0ms max:0ms] PUT[avg:0ms max:0ms]
2025/06/05 05:02:09 node.go:1230:   Conflicts: detected:0 resolved:0
2025/06/05 05:02:09 node.go:1232:   Hints: stored:0 delivered:0
2025/06/05 05:03:09 node.go:1221: Node Stats:
2025/06/05 05:03:09 node.go:1222:   Operations: GET(0/0) PUT(0/0)
2025/06/05 05:03:09 node.go:1225:   Latency: GET[avg:0ms max:0ms] PUT[avg:0ms max:0ms]
2025/06/05 05:03:09 node.go:1230:   Conflicts: detected:0 resolved:0
2025/06/05 05:03:09 node.go:1232:   Hints: stored:0 delivered:0
2025/06/05 05:04:09 node.go:1221: Node Stats:
2025/06/05 05:04:09 node.go:1222:   Operations: GET(0/0) PUT(0/0)
2025/06/05 05:04:09 node.go:1225:   Latency: GET[avg:0ms max:0ms] PUT[avg:0ms max:0ms]
2025/06/05 05:04:09 node.go:1230:   Conflicts: detected:0 resolved:0
2025/06/05 05:04:09 node.go:1232:   Hints: stored:0 delivered:0
2025/06/05 05:05:09 node.go:1221: Node Stats:
2025/06/05 05:05:09 node.go:1222:   Operations: GET(0/0) PUT(0/0)
2025/06/05 05:05:09 node.go:1225:   Latency: GET[avg:0ms max:0ms] PUT[avg:0ms max:0ms]
2025/06/05 05:05:09 node.go:1230:   Conflicts: detected:0 resolved:0
2025/06/05 05:05:09 node.go:1232:   Hints: stored:0 delivered:0
2025/06/05 05:06:09 node.go:1221: Node Stats:
2025/06/05 05:06:09 node.go:1222:   Operations: GET(0/0) PUT(0/0)
2025/06/05 05:06:09 node.go:1225:   Latency: GET[avg:0ms max:0ms] PUT[avg:0ms max:0ms]
2025/06/05 05:06:09 node.go:1230:   Conflicts: detected:0 resolved:0
2025/06/05 05:06:09 node.go:1232:   Hints: stored:0 delivered:0
2025/06/05 05:07:09 node.go:1221: Node Stats:
2025/06/05 05:07:09 node.go:1222:   Operations: GET(0/0) PUT(0/0)
2025/06/05 05:07:09 node.go:1225:   Latency: GET[avg:0ms max:0ms] PUT[avg:0ms max:0ms]
2025/06/05 05:07:09 node.go:1230:   Conflicts: detected:0 resolved:0
2025/06/05 05:07:09 node.go:1232:   Hints: stored:0 delivered:0
2025/06/05 05:08:09 node.go:1221: Node Stats:
2025/06/05 05:08:09 node.go:1222:   Operations: GET(0/0) PUT(0/0)
2025/06/05 05:08:09 node.go:1225:   Latency: GET[avg:0ms max:0ms] PUT[avg:0ms max:0ms]
2025/06/05 05:08:09 node.go:1230:   Conflicts: detected:0 resolved:0
2025/06/05 05:08:09 node.go:1232:   Hints: stored:0 delivered:0
2025/06/05 05:09:09 node.go:1221: Node Stats:
2025/06/05 05:09:09 node.go:1222:   Operations: GET(0/0) PUT(0/0)
2025/06/05 05:09:09 node.go:1225:   Latency: GET[avg:0ms max:0ms] PUT[avg:0ms max:0ms]
2025/06/05 05:09:09 node.go:1230:   Conflicts: detected:0 resolved:0
2025/06/05 05:09:09 node.go:1232:   Hints: stored:0 delivered:0
2025/06/05 05:10:09 node.go:1221: Node Stats:
2025/06/05 05:10:09 node.go:1222:   Operations: GET(0/0) PUT(0/0)
2025/06/05 05:10:09 node.go:1225:   Latency: GET[avg:0ms max:0ms] PUT[avg:0ms max:0ms]
2025/06/05 05:10:09 node.go:1230:   Conflicts: detected:0 resolved:0
2025/06/05 05:10:09 node.go:1232:   Hints: stored:0 delivered:0
2025/06/05 05:11:09 node.go:1221: Node Stats:
2025/06/05 05:11:09 node.go:1222:   Operations: GET(0/0) PUT(0/0)
2025/06/05 05:11:09 node.go:1225:   Latency: GET[avg:0ms max:0ms] PUT[avg:0ms max:0ms]
2025/06/05 05:11:09 node.go:1230:   Conflicts: detected:0 resolved:0
2025/06/05 05:11:09 node.go:1232:   Hints: stored:0 delivered:0
2025/06/05 05:12:09 node.go:1221: Node Stats:
2025/06/05 05:12:09 node.go:1222:   Operations: GET(0/0) PUT(0/0)
2025/06/05 05:12:09 node.go:1225:   Latency: GET[avg:0ms max:0ms] PUT[avg:0ms max:0ms]
2025/06/05 05:12:09 node.go:1230:   Conflicts: detected:0 resolved:0
2025/06/05 05:12:09 node.go:1232:   Hints: stored:0 delivered:0
2025/06/05 05:13:09 node.go:1221: Node Stats:
2025/06/05 05:13:09 node.go:1222:   Operations: GET(0/0) PUT(0/0)
2025/06/05 05:13:09 node.go:1225:   Latency: GET[avg:0ms max:0ms] PUT[avg:0ms max:0ms]
2025/06/05 05:13:09 node.go:1230:   Conflicts: detected:0 resolved:0
2025/06/05 05:13:09 node.go:1232:   Hints: stored:0 delivered:0
2025/06/05 05:14:09 node.go:1221: Node Stats:
2025/06/05 05:14:09 node.go:1222:   Operations: GET(0/0) PUT(0/0)
2025/06/05 05:14:09 node.go:1225:   Latency: GET[avg:0ms max:0ms] PUT[avg:0ms max:0ms]
2025/06/05 05:14:09 node.go:1230:   Conflicts: detected:0 resolved:0
2025/06/05 05:14:09 node.go:1232:   Hints: stored:0 delivered:0
signal: terminated
d:0
2025/06/05 05:14:09 node.go:1232:   Hints: stored:0 delivered:0
