2025/06/05 04:30:08 main.go:169: Node nodeA starting on port 5000...
2025/06/05 04:31:08 node.go:1221: Node Stats:
2025/06/05 04:31:08 node.go:1222:   Operations: GET(0/0) PUT(0/0)
2025/06/05 04:31:08 node.go:1225:   Latency: GET[avg:0ms max:0ms] PUT[avg:0ms max:0ms]
2025/06/05 04:31:08 node.go:1230:   Conflicts: detected:0 resolved:0
2025/06/05 04:31:08 node.go:1232:   Hints: stored:0 delivered:0
2025/06/05 04:32:08 node.go:1221: Node Stats:
2025/06/05 04:32:08 node.go:1222:   Operations: GET(0/0) PUT(0/0)
2025/06/05 04:32:08 node.go:1225:   Latency: GET[avg:0ms max:0ms] PUT[avg:0ms max:0ms]
2025/06/05 04:32:08 node.go:1230:   Conflicts: detected:0 resolved:0
2025/06/05 04:32:08 node.go:1232:   Hints: stored:0 delivered:0
2025/06/05 04:33:08 node.go:1221: Node Stats:
2025/06/05 04:33:08 node.go:1222:   Operations: GET(0/0) PUT(0/0)
2025/06/05 04:33:08 node.go:1225:   Latency: GET[avg:0ms max:0ms] PUT[avg:0ms max:0ms]
2025/06/05 04:33:08 node.go:1230:   Conflicts: detected:0 resolved:0
2025/06/05 04:33:08 node.go:1232:   Hints: stored:0 delivered:0
2025/06/05 04:34:08 node.go:1221: Node Stats:
2025/06/05 04:34:08 node.go:1222:   Operations: GET(0/0) PUT(1/1)
2025/06/05 04:34:08 node.go:1225:   Latency: GET[avg:0ms max:0ms] PUT[avg:3ms max:3ms]
2025/06/05 04:34:08 node.go:1230:   Conflicts: detected:0 resolved:0
2025/06/05 04:34:08 node.go:1232:   Hints: stored:0 delivered:0
2025/06/05 04:35:08 node.go:1221: Node Stats:
2025/06/05 04:35:08 node.go:1222:   Operations: GET(0/0) PUT(1/1)
2025/06/05 04:35:08 node.go:1225:   Latency: GET[avg:0ms max:0ms] PUT[avg:3ms max:3ms]
2025/06/05 04:35:08 node.go:1230:   Conflicts: detected:0 resolved:0
2025/06/05 04:35:08 node.go:1232:   Hints: stored:0 delivered:0
2025/06/05 04:36:08 node.go:1221: Node Stats:
2025/06/05 04:36:08 node.go:1222:   Operations: GET(0/0) PUT(1/1)
2025/06/05 04:36:08 node.go:1225:   Latency: GET[avg:0ms max:0ms] PUT[avg:3ms max:3ms]
2025/06/05 04:36:08 node.go:1230:   Conflicts: detected:0 resolved:0
2025/06/05 04:36:08 node.go:1232:   Hints: stored:0 delivered:0
2025/06/05 04:37:08 node.go:1221: Node Stats:
2025/06/05 04:37:08 node.go:1222:   Operations: GET(0/0) PUT(1/1)
2025/06/05 04:37:08 node.go:1225:   Latency: GET[avg:0ms max:0ms] PUT[avg:3ms max:3ms]
2025/06/05 04:37:08 node.go:1230:   Conflicts: detected:0 resolved:0
2025/06/05 04:37:08 node.go:1232:   Hints: stored:0 delivered:0
2025/06/05 04:38:08 node.go:1221: Node Stats:
2025/06/05 04:38:08 node.go:1222:   Operations: GET(0/0) PUT(1/1)
2025/06/05 04:38:08 node.go:1225:   Latency: GET[avg:0ms max:0ms] PUT[avg:3ms max:3ms]
2025/06/05 04:38:08 node.go:1230:   Conflicts: detected:0 resolved:0
2025/06/05 04:38:08 node.go:1232:   Hints: stored:0 delivered:0
2025/06/05 04:39:08 node.go:1221: Node Stats:
2025/06/05 04:39:08 node.go:1222:   Operations: GET(0/0) PUT(1/1)
2025/06/05 04:39:08 node.go:1225:   Latency: GET[avg:0ms max:0ms] PUT[avg:3ms max:3ms]
2025/06/05 04:39:08 node.go:1230:   Conflicts: detected:0 resolved:0
2025/06/05 04:39:08 node.go:1232:   Hints: stored:0 delivered:0
2025/06/05 04:40:08 node.go:1221: Node Stats:
2025/06/05 04:40:08 node.go:1222:   Operations: GET(0/0) PUT(1/1)
2025/06/05 04:40:08 node.go:1225:   Latency: GET[avg:0ms max:0ms] PUT[avg:3ms max:3ms]
2025/06/05 04:40:08 node.go:1230:   Conflicts: detected:0 resolved:0
2025/06/05 04:40:08 node.go:1232:   Hints: stored:0 delivered:0
2025/06/05 04:41:08 node.go:1221: Node Stats:
2025/06/05 04:41:08 node.go:1222:   Operations: GET(0/0) PUT(1/1)
2025/06/05 04:41:08 node.go:1225:   Latency: GET[avg:0ms max:0ms] PUT[avg:3ms max:3ms]
2025/06/05 04:41:08 node.go:1230:   Conflicts: detected:0 resolved:0
2025/06/05 04:41:08 node.go:1232:   Hints: stored:0 delivered:0
2025/06/05 04:42:08 node.go:1221: Node Stats:
2025/06/05 04:42:08 node.go:1222:   Operations: GET(0/0) PUT(1/1)
2025/06/05 04:42:08 node.go:1225:   Latency: GET[avg:0ms max:0ms] PUT[avg:3ms max:3ms]
2025/06/05 04:42:08 node.go:1230:   Conflicts: detected:0 resolved:0
2025/06/05 04:42:08 node.go:1232:   Hints: stored:0 delivered:0
2025/06/05 04:43:08 node.go:1221: Node Stats:
2025/06/05 04:43:08 node.go:1222:   Operations: GET(0/0) PUT(1/1)
2025/06/05 04:43:08 node.go:1225:   Latency: GET[avg:0ms max:0ms] PUT[avg:3ms max:3ms]
2025/06/05 04:43:08 node.go:1230:   Conflicts: detected:0 resolved:0
2025/06/05 04:43:08 node.go:1232:   Hints: stored:0 delivered:0
2025/06/05 04:44:08 node.go:1221: Node Stats:
2025/06/05 04:44:08 node.go:1222:   Operations: GET(0/0) PUT(1/1)
2025/06/05 04:44:08 node.go:1225:   Latency: GET[avg:0ms max:0ms] PUT[avg:3ms max:3ms]
2025/06/05 04:44:08 node.go:1230:   Conflicts: detected:0 resolved:0
2025/06/05 04:44:08 node.go:1232:   Hints: stored:0 delivered:0
2025/06/05 04:45:08 node.go:1221: Node Stats:
2025/06/05 04:45:08 node.go:1222:   Operations: GET(0/0) PUT(1/1)
2025/06/05 04:45:08 node.go:1225:   Latency: GET[avg:0ms max:0ms] PUT[avg:3ms max:3ms]
2025/06/05 04:45:08 node.go:1230:   Conflicts: detected:0 resolved:0
2025/06/05 04:45:08 node.go:1232:   Hints: stored:0 delivered:0
2025/06/05 04:46:08 node.go:1221: Node Stats:
2025/06/05 04:46:08 node.go:1222:   Operations: GET(0/0) PUT(1/1)
2025/06/05 04:46:08 node.go:1225:   Latency: GET[avg:0ms max:0ms] PUT[avg:3ms max:3ms]
2025/06/05 04:46:08 node.go:1230:   Conflicts: detected:0 resolved:0
2025/06/05 04:46:08 node.go:1232:   Hints: stored:0 delivered:0
2025/06/05 04:47:08 node.go:1221: Node Stats:
2025/06/05 04:47:08 node.go:1222:   Operations: GET(0/0) PUT(1/1)
2025/06/05 04:47:08 node.go:1225:   Latency: GET[avg:0ms max:0ms] PUT[avg:3ms max:3ms]
2025/06/05 04:47:08 node.go:1230:   Conflicts: detected:0 resolved:0
2025/06/05 04:47:08 node.go:1232:   Hints: stored:0 delivered:0
2025/06/05 04:48:08 node.go:1221: Node Stats:
2025/06/05 04:48:08 node.go:1222:   Operations: GET(0/0) PUT(1/1)
2025/06/05 04:48:08 node.go:1225:   Latency: GET[avg:0ms max:0ms] PUT[avg:3ms max:3ms]
2025/06/05 04:48:08 node.go:1230:   Conflicts: detected:0 resolved:0
2025/06/05 04:48:08 node.go:1232:   Hints: stored:0 delivered:0
2025/06/05 04:49:08 node.go:1221: Node Stats:
2025/06/05 04:49:08 node.go:1222:   Operations: GET(0/0) PUT(1/1)
2025/06/05 04:49:08 node.go:1225:   Latency: GET[avg:0ms max:0ms] PUT[avg:3ms max:3ms]
2025/06/05 04:49:08 node.go:1230:   Conflicts: detected:0 resolved:0
2025/06/05 04:49:08 node.go:1232:   Hints: stored:0 delivered:0
2025/06/05 04:50:08 node.go:1221: Node Stats:
2025/06/05 04:50:08 node.go:1222:   Operations: GET(0/0) PUT(1/1)
2025/06/05 04:50:08 node.go:1225:   Latency: GET[avg:0ms max:0ms] PUT[avg:3ms max:3ms]
2025/06/05 04:50:08 node.go:1230:   Conflicts: detected:0 resolved:0
2025/06/05 04:50:08 node.go:1232:   Hints: stored:0 delivered:0
2025/06/05 04:51:08 node.go:1221: Node Stats:
2025/06/05 04:51:08 node.go:1222:   Operations: GET(0/0) PUT(1/1)
2025/06/05 04:51:08 node.go:1225:   Latency: GET[avg:0ms max:0ms] PUT[avg:3ms max:3ms]
2025/06/05 04:51:08 node.go:1230:   Conflicts: detected:0 resolved:0
2025/06/05 04:51:08 node.go:1232:   Hints: stored:0 delivered:0
2025/06/05 04:52:08 node.go:1221: Node Stats:
2025/06/05 04:52:08 node.go:1222:   Operations: GET(0/0) PUT(1/1)
2025/06/05 04:52:08 node.go:1225:   Latency: GET[avg:0ms max:0ms] PUT[avg:3ms max:3ms]
2025/06/05 04:52:08 node.go:1230:   Conflicts: detected:0 resolved:0
2025/06/05 04:52:08 node.go:1232:   Hints: stored:0 delivered:0
2025/06/05 04:53:08 node.go:1221: Node Stats:
2025/06/05 04:53:08 node.go:1222:   Operations: GET(0/0) PUT(1/1)
2025/06/05 04:53:08 node.go:1225:   Latency: GET[avg:0ms max:0ms] PUT[avg:3ms max:3ms]
2025/06/05 04:53:08 node.go:1230:   Conflicts: detected:0 resolved:0
2025/06/05 04:53:08 node.go:1232:   Hints: stored:0 delivered:0
2025/06/05 04:54:08 node.go:1221: Node Stats:
2025/06/05 04:54:08 node.go:1222:   Operations: GET(0/0) PUT(1/1)
2025/06/05 04:54:08 node.go:1225:   Latency: GET[avg:0ms max:0ms] PUT[avg:3ms max:3ms]
2025/06/05 04:54:08 node.go:1230:   Conflicts: detected:0 resolved:0
2025/06/05 04:54:08 node.go:1232:   Hints: stored:0 delivered:0
2025/06/05 04:55:08 node.go:1221: Node Stats:
2025/06/05 04:55:08 node.go:1222:   Operations: GET(0/0) PUT(1/1)
2025/06/05 04:55:08 node.go:1225:   Latency: GET[avg:0ms max:0ms] PUT[avg:3ms max:3ms]
2025/06/05 04:55:08 node.go:1230:   Conflicts: detected:0 resolved:0
2025/06/05 04:55:08 node.go:1232:   Hints: stored:0 delivered:0
2025/06/05 04:56:08 node.go:1221: Node Stats:
2025/06/05 04:56:08 node.go:1222:   Operations: GET(0/0) PUT(1/1)
2025/06/05 04:56:08 node.go:1225:   Latency: GET[avg:0ms max:0ms] PUT[avg:3ms max:3ms]
2025/06/05 04:56:08 node.go:1230:   Conflicts: detected:0 resolved:0
2025/06/05 04:56:08 node.go:1232:   Hints: stored:0 delivered:0
2025/06/05 04:57:08 node.go:1221: Node Stats:
2025/06/05 04:57:08 node.go:1222:   Operations: GET(0/0) PUT(1/1)
2025/06/05 04:57:08 node.go:1225:   Latency: GET[avg:0ms max:0ms] PUT[avg:3ms max:3ms]
2025/06/05 04:57:08 node.go:1230:   Conflicts: detected:0 resolved:0
2025/06/05 04:57:08 node.go:1232:   Hints: stored:0 delivered:0
2025/06/05 04:58:08 node.go:1221: Node Stats:
2025/06/05 04:58:08 node.go:1222:   Operations: GET(0/0) PUT(1/1)
2025/06/05 04:58:08 node.go:1225:   Latency: GET[avg:0ms max:0ms] PUT[avg:3ms max:3ms]
2025/06/05 04:58:08 node.go:1230:   Conflicts: detected:0 resolved:0
2025/06/05 04:58:08 node.go:1232:   Hints: stored:0 delivered:0
2025/06/05 04:59:08 node.go:1221: Node Stats:
2025/06/05 04:59:08 node.go:1222:   Operations: GET(0/0) PUT(1/1)
2025/06/05 04:59:08 node.go:1225:   Latency: GET[avg:0ms max:0ms] PUT[avg:3ms max:3ms]
2025/06/05 04:59:08 node.go:1230:   Conflicts: detected:0 resolved:0
2025/06/05 04:59:08 node.go:1232:   Hints: stored:0 delivered:0
2025/06/05 05:00:08 node.go:1221: Node Stats:
2025/06/05 05:00:08 node.go:1222:   Operations: GET(0/0) PUT(1/1)
2025/06/05 05:00:08 node.go:1225:   Latency: GET[avg:0ms max:0ms] PUT[avg:3ms max:3ms]
2025/06/05 05:00:08 node.go:1230:   Conflicts: detected:0 resolved:0
2025/06/05 05:00:08 node.go:1232:   Hints: stored:0 delivered:0
2025/06/05 05:01:08 node.go:1221: Node Stats:
2025/06/05 05:01:08 node.go:1222:   Operations: GET(0/0) PUT(1/1)
2025/06/05 05:01:08 node.go:1225:   Latency: GET[avg:0ms max:0ms] PUT[avg:3ms max:3ms]
2025/06/05 05:01:08 node.go:1230:   Conflicts: detected:0 resolved:0
2025/06/05 05:01:08 node.go:1232:   Hints: stored:0 delivered:0
2025/06/05 05:02:08 node.go:1221: Node Stats:
2025/06/05 05:02:08 node.go:1222:   Operations: GET(0/0) PUT(1/1)
2025/06/05 05:02:08 node.go:1225:   Latency: GET[avg:0ms max:0ms] PUT[avg:3ms max:3ms]
2025/06/05 05:02:08 node.go:1230:   Conflicts: detected:0 resolved:0
2025/06/05 05:02:08 node.go:1232:   Hints: stored:0 delivered:0
2025/06/05 05:03:08 node.go:1221: Node Stats:
2025/06/05 05:03:08 node.go:1222:   Operations: GET(0/0) PUT(1/1)
2025/06/05 05:03:08 node.go:1225:   Latency: GET[avg:0ms max:0ms] PUT[avg:3ms max:3ms]
2025/06/05 05:03:08 node.go:1230:   Conflicts: detected:0 resolved:0
2025/06/05 05:03:08 node.go:1232:   Hints: stored:0 delivered:0
2025/06/05 05:04:08 node.go:1221: Node Stats:
2025/06/05 05:04:08 node.go:1222:   Operations: GET(0/0) PUT(1/1)
2025/06/05 05:04:08 node.go:1225:   Latency: GET[avg:0ms max:0ms] PUT[avg:3ms max:3ms]
2025/06/05 05:04:08 node.go:1230:   Conflicts: detected:0 resolved:0
2025/06/05 05:04:08 node.go:1232:   Hints: stored:0 delivered:0
2025/06/05 05:05:08 node.go:1221: Node Stats:
2025/06/05 05:05:08 node.go:1222:   Operations: GET(0/0) PUT(1/1)
2025/06/05 05:05:08 node.go:1225:   Latency: GET[avg:0ms max:0ms] PUT[avg:3ms max:3ms]
2025/06/05 05:05:08 node.go:1230:   Conflicts: detected:0 resolved:0
2025/06/05 05:05:08 node.go:1232:   Hints: stored:0 delivered:0
2025/06/05 05:06:08 node.go:1221: Node Stats:
2025/06/05 05:06:08 node.go:1222:   Operations: GET(0/0) PUT(1/1)
2025/06/05 05:06:08 node.go:1225:   Latency: GET[avg:0ms max:0ms] PUT[avg:3ms max:3ms]
2025/06/05 05:06:08 node.go:1230:   Conflicts: detected:0 resolved:0
2025/06/05 05:06:08 node.go:1232:   Hints: stored:0 delivered:0
2025/06/05 05:07:08 node.go:1221: Node Stats:
2025/06/05 05:07:08 node.go:1222:   Operations: GET(0/0) PUT(1/1)
2025/06/05 05:07:08 node.go:1225:   Latency: GET[avg:0ms max:0ms] PUT[avg:3ms max:3ms]
2025/06/05 05:07:08 node.go:1230:   Conflicts: detected:0 resolved:0
2025/06/05 05:07:08 node.go:1232:   Hints: stored:0 delivered:0
2025/06/05 05:08:08 node.go:1221: Node Stats:
2025/06/05 05:08:08 node.go:1222:   Operations: GET(0/0) PUT(1/1)
2025/06/05 05:08:08 node.go:1225:   Latency: GET[avg:0ms max:0ms] PUT[avg:3ms max:3ms]
2025/06/05 05:08:08 node.go:1230:   Conflicts: detected:0 resolved:0
2025/06/05 05:08:08 node.go:1232:   Hints: stored:0 delivered:0
2025/06/05 05:09:08 node.go:1221: Node Stats:
2025/06/05 05:09:08 node.go:1222:   Operations: GET(0/0) PUT(1/1)
2025/06/05 05:09:08 node.go:1225:   Latency: GET[avg:0ms max:0ms] PUT[avg:3ms max:3ms]
2025/06/05 05:09:08 node.go:1230:   Conflicts: detected:0 resolved:0
2025/06/05 05:09:08 node.go:1232:   Hints: stored:0 delivered:0
2025/06/05 05:10:08 node.go:1221: Node Stats:
2025/06/05 05:10:08 node.go:1222:   Operations: GET(0/0) PUT(1/1)
2025/06/05 05:10:08 node.go:1225:   Latency: GET[avg:0ms max:0ms] PUT[avg:3ms max:3ms]
2025/06/05 05:10:08 node.go:1230:   Conflicts: detected:0 resolved:0
2025/06/05 05:10:08 node.go:1232:   Hints: stored:0 delivered:0
2025/06/05 05:11:08 node.go:1221: Node Stats:
2025/06/05 05:11:08 node.go:1222:   Operations: GET(0/0) PUT(1/1)
2025/06/05 05:11:08 node.go:1225:   Latency: GET[avg:0ms max:0ms] PUT[avg:3ms max:3ms]
2025/06/05 05:11:08 node.go:1230:   Conflicts: detected:0 resolved:0
2025/06/05 05:11:08 node.go:1232:   Hints: stored:0 delivered:0
2025/06/05 05:12:08 node.go:1221: Node Stats:
2025/06/05 05:12:08 node.go:1222:   Operations: GET(0/0) PUT(1/1)
2025/06/05 05:12:08 node.go:1225:   Latency: GET[avg:0ms max:0ms] PUT[avg:3ms max:3ms]
2025/06/05 05:12:08 node.go:1230:   Conflicts: detected:0 resolved:0
2025/06/05 05:12:08 node.go:1232:   Hints: stored:0 delivered:0
2025/06/05 05:13:08 node.go:1221: Node Stats:
2025/06/05 05:13:08 node.go:1222:   Operations: GET(0/0) PUT(1/1)
2025/06/05 05:13:08 node.go:1225:   Latency: GET[avg:0ms max:0ms] PUT[avg:3ms max:3ms]
2025/06/05 05:13:08 node.go:1230:   Conflicts: detected:0 resolved:0
2025/06/05 05:13:08 node.go:1232:   Hints: stored:0 delivered:0
2025/06/05 05:14:08 node.go:1221: Node Stats:
2025/06/05 05:14:08 node.go:1222:   Operations: GET(0/0) PUT(1/1)
2025/06/05 05:14:08 node.go:1225:   Latency: GET[avg:0ms max:0ms] PUT[avg:3ms max:3ms]
2025/06/05 05:14:08 node.go:1230:   Conflicts: detected:0 resolved:0
2025/06/05 05:14:08 node.go:1232:   Hints: stored:0 delivered:0
signal: terminated
d:0
2025/06/05 05:14:08 node.go:1232:   Hints: stored:0 delivered:0
