2025/06/05 04:30:11 main.go:169: Node nodeC starting on port 5002...
2025/06/05 04:31:11 node.go:1221: Node Stats:
2025/06/05 04:31:11 node.go:1222:   Operations: GET(0/0) PUT(0/0)
2025/06/05 04:31:11 node.go:1225:   Latency: GET[avg:0ms max:0ms] PUT[avg:0ms max:0ms]
2025/06/05 04:31:11 node.go:1230:   Conflicts: detected:0 resolved:0
2025/06/05 04:31:11 node.go:1232:   Hints: stored:0 delivered:0
2025/06/05 04:32:11 node.go:1221: Node Stats:
2025/06/05 04:32:11 node.go:1222:   Operations: GET(0/0) PUT(0/0)
2025/06/05 04:32:11 node.go:1225:   Latency: GET[avg:0ms max:0ms] PUT[avg:0ms max:0ms]
2025/06/05 04:32:11 node.go:1230:   Conflicts: detected:0 resolved:0
2025/06/05 04:32:11 node.go:1232:   Hints: stored:0 delivered:0
2025/06/05 04:33:11 node.go:1221: Node Stats:
2025/06/05 04:33:11 node.go:1222:   Operations: GET(0/0) PUT(0/0)
2025/06/05 04:33:11 node.go:1225:   Latency: GET[avg:0ms max:0ms] PUT[avg:0ms max:0ms]
2025/06/05 04:33:11 node.go:1230:   Conflicts: detected:0 resolved:0
2025/06/05 04:33:11 node.go:1232:   Hints: stored:0 delivered:0
2025/06/05 04:34:11 node.go:1221: Node Stats:
2025/06/05 04:34:11 node.go:1222:   Operations: GET(0/0) PUT(0/0)
2025/06/05 04:34:11 node.go:1225:   Latency: GET[avg:0ms max:0ms] PUT[avg:0ms max:0ms]
2025/06/05 04:34:11 node.go:1230:   Conflicts: detected:0 resolved:0
2025/06/05 04:34:11 node.go:1232:   Hints: stored:0 delivered:0
2025/06/05 04:35:11 node.go:1221: Node Stats:
2025/06/05 04:35:11 node.go:1222:   Operations: GET(0/0) PUT(0/0)
2025/06/05 04:35:11 node.go:1225:   Latency: GET[avg:0ms max:0ms] PUT[avg:0ms max:0ms]
2025/06/05 04:35:11 node.go:1230:   Conflicts: detected:0 resolved:0
2025/06/05 04:35:11 node.go:1232:   Hints: stored:0 delivered:0
2025/06/05 04:36:11 node.go:1221: Node Stats:
2025/06/05 04:36:11 node.go:1222:   Operations: GET(0/0) PUT(0/0)
2025/06/05 04:36:11 node.go:1225:   Latency: GET[avg:0ms max:0ms] PUT[avg:0ms max:0ms]
2025/06/05 04:36:11 node.go:1230:   Conflicts: detected:0 resolved:0
2025/06/05 04:36:11 node.go:1232:   Hints: stored:0 delivered:0
2025/06/05 04:37:11 node.go:1221: Node Stats:
2025/06/05 04:37:11 node.go:1222:   Operations: GET(0/0) PUT(0/0)
2025/06/05 04:37:11 node.go:1225:   Latency: GET[avg:0ms max:0ms] PUT[avg:0ms max:0ms]
2025/06/05 04:37:11 node.go:1230:   Conflicts: detected:0 resolved:0
2025/06/05 04:37:11 node.go:1232:   Hints: stored:0 delivered:0
2025/06/05 04:38:11 node.go:1221: Node Stats:
2025/06/05 04:38:11 node.go:1222:   Operations: GET(0/0) PUT(0/0)
2025/06/05 04:38:11 node.go:1225:   Latency: GET[avg:0ms max:0ms] PUT[avg:0ms max:0ms]
2025/06/05 04:38:11 node.go:1230:   Conflicts: detected:0 resolved:0
2025/06/05 04:38:11 node.go:1232:   Hints: stored:0 delivered:0
2025/06/05 04:39:11 node.go:1221: Node Stats:
2025/06/05 04:39:11 node.go:1222:   Operations: GET(0/0) PUT(0/0)
2025/06/05 04:39:11 node.go:1225:   Latency: GET[avg:0ms max:0ms] PUT[avg:0ms max:0ms]
2025/06/05 04:39:11 node.go:1230:   Conflicts: detected:0 resolved:0
2025/06/05 04:39:11 node.go:1232:   Hints: stored:0 delivered:0
2025/06/05 04:40:11 node.go:1221: Node Stats:
2025/06/05 04:40:11 node.go:1222:   Operations: GET(0/0) PUT(0/0)
2025/06/05 04:40:11 node.go:1225:   Latency: GET[avg:0ms max:0ms] PUT[avg:0ms max:0ms]
2025/06/05 04:40:11 node.go:1230:   Conflicts: detected:0 resolved:0
2025/06/05 04:40:11 node.go:1232:   Hints: stored:0 delivered:0
2025/06/05 04:41:11 node.go:1221: Node Stats:
2025/06/05 04:41:11 node.go:1222:   Operations: GET(0/0) PUT(0/0)
2025/06/05 04:41:11 node.go:1225:   Latency: GET[avg:0ms max:0ms] PUT[avg:0ms max:0ms]
2025/06/05 04:41:11 node.go:1230:   Conflicts: detected:0 resolved:0
2025/06/05 04:41:11 node.go:1232:   Hints: stored:0 delivered:0
2025/06/05 04:42:11 node.go:1221: Node Stats:
2025/06/05 04:42:11 node.go:1222:   Operations: GET(0/0) PUT(0/0)
2025/06/05 04:42:11 node.go:1225:   Latency: GET[avg:0ms max:0ms] PUT[avg:0ms max:0ms]
2025/06/05 04:42:11 node.go:1230:   Conflicts: detected:0 resolved:0
2025/06/05 04:42:11 node.go:1232:   Hints: stored:0 delivered:0
2025/06/05 04:43:11 node.go:1221: Node Stats:
2025/06/05 04:43:11 node.go:1222:   Operations: GET(0/0) PUT(0/0)
2025/06/05 04:43:11 node.go:1225:   Latency: GET[avg:0ms max:0ms] PUT[avg:0ms max:0ms]
2025/06/05 04:43:11 node.go:1230:   Conflicts: detected:0 resolved:0
2025/06/05 04:43:11 node.go:1232:   Hints: stored:0 delivered:0
2025/06/05 04:44:11 node.go:1221: Node Stats:
2025/06/05 04:44:11 node.go:1222:   Operations: GET(0/0) PUT(0/0)
2025/06/05 04:44:11 node.go:1225:   Latency: GET[avg:0ms max:0ms] PUT[avg:0ms max:0ms]
2025/06/05 04:44:11 node.go:1230:   Conflicts: detected:0 resolved:0
2025/06/05 04:44:11 node.go:1232:   Hints: stored:0 delivered:0
2025/06/05 04:45:11 node.go:1221: Node Stats:
2025/06/05 04:45:11 node.go:1222:   Operations: GET(0/0) PUT(0/0)
2025/06/05 04:45:11 node.go:1225:   Latency: GET[avg:0ms max:0ms] PUT[avg:0ms max:0ms]
2025/06/05 04:45:11 node.go:1230:   Conflicts: detected:0 resolved:0
2025/06/05 04:45:11 node.go:1232:   Hints: stored:0 delivered:0
2025/06/05 04:46:11 node.go:1221: Node Stats:
2025/06/05 04:46:11 node.go:1222:   Operations: GET(0/0) PUT(0/0)
2025/06/05 04:46:11 node.go:1225:   Latency: GET[avg:0ms max:0ms] PUT[avg:0ms max:0ms]
2025/06/05 04:46:11 node.go:1230:   Conflicts: detected:0 resolved:0
2025/06/05 04:46:11 node.go:1232:   Hints: stored:0 delivered:0
2025/06/05 04:47:11 node.go:1221: Node Stats:
2025/06/05 04:47:11 node.go:1222:   Operations: GET(0/0) PUT(0/0)
2025/06/05 04:47:11 node.go:1225:   Latency: GET[avg:0ms max:0ms] PUT[avg:0ms max:0ms]
2025/06/05 04:47:11 node.go:1230:   Conflicts: detected:0 resolved:0
2025/06/05 04:47:11 node.go:1232:   Hints: stored:0 delivered:0
2025/06/05 04:48:11 node.go:1221: Node Stats:
2025/06/05 04:48:11 node.go:1222:   Operations: GET(0/0) PUT(0/0)
2025/06/05 04:48:11 node.go:1225:   Latency: GET[avg:0ms max:0ms] PUT[avg:0ms max:0ms]
2025/06/05 04:48:11 node.go:1230:   Conflicts: detected:0 resolved:0
2025/06/05 04:48:11 node.go:1232:   Hints: stored:0 delivered:0
2025/06/05 04:49:11 node.go:1221: Node Stats:
2025/06/05 04:49:11 node.go:1222:   Operations: GET(0/0) PUT(0/0)
2025/06/05 04:49:11 node.go:1225:   Latency: GET[avg:0ms max:0ms] PUT[avg:0ms max:0ms]
2025/06/05 04:49:11 node.go:1230:   Conflicts: detected:0 resolved:0
2025/06/05 04:49:11 node.go:1232:   Hints: stored:0 delivered:0
2025/06/05 04:50:11 node.go:1221: Node Stats:
2025/06/05 04:50:11 node.go:1222:   Operations: GET(0/0) PUT(0/0)
2025/06/05 04:50:11 node.go:1225:   Latency: GET[avg:0ms max:0ms] PUT[avg:0ms max:0ms]
2025/06/05 04:50:11 node.go:1230:   Conflicts: detected:0 resolved:0
2025/06/05 04:50:11 node.go:1232:   Hints: stored:0 delivered:0
2025/06/05 04:51:11 node.go:1221: Node Stats:
2025/06/05 04:51:11 node.go:1222:   Operations: GET(0/0) PUT(0/0)
2025/06/05 04:51:11 node.go:1225:   Latency: GET[avg:0ms max:0ms] PUT[avg:0ms max:0ms]
2025/06/05 04:51:11 node.go:1230:   Conflicts: detected:0 resolved:0
2025/06/05 04:51:11 node.go:1232:   Hints: stored:0 delivered:0
2025/06/05 04:52:11 node.go:1221: Node Stats:
2025/06/05 04:52:11 node.go:1222:   Operations: GET(0/0) PUT(0/0)
2025/06/05 04:52:11 node.go:1225:   Latency: GET[avg:0ms max:0ms] PUT[avg:0ms max:0ms]
2025/06/05 04:52:11 node.go:1230:   Conflicts: detected:0 resolved:0
2025/06/05 04:52:11 node.go:1232:   Hints: stored:0 delivered:0
2025/06/05 04:53:11 node.go:1221: Node Stats:
2025/06/05 04:53:11 node.go:1222:   Operations: GET(0/0) PUT(0/0)
2025/06/05 04:53:11 node.go:1225:   Latency: GET[avg:0ms max:0ms] PUT[avg:0ms max:0ms]
2025/06/05 04:53:11 node.go:1230:   Conflicts: detected:0 resolved:0
2025/06/05 04:53:11 node.go:1232:   Hints: stored:0 delivered:0
2025/06/05 04:54:11 node.go:1221: Node Stats:
2025/06/05 04:54:11 node.go:1222:   Operations: GET(0/0) PUT(0/0)
2025/06/05 04:54:11 node.go:1225:   Latency: GET[avg:0ms max:0ms] PUT[avg:0ms max:0ms]
2025/06/05 04:54:11 node.go:1230:   Conflicts: detected:0 resolved:0
2025/06/05 04:54:11 node.go:1232:   Hints: stored:0 delivered:0
2025/06/05 04:55:11 node.go:1221: Node Stats:
2025/06/05 04:55:11 node.go:1222:   Operations: GET(0/0) PUT(0/0)
2025/06/05 04:55:11 node.go:1225:   Latency: GET[avg:0ms max:0ms] PUT[avg:0ms max:0ms]
2025/06/05 04:55:11 node.go:1230:   Conflicts: detected:0 resolved:0
2025/06/05 04:55:11 node.go:1232:   Hints: stored:0 delivered:0
2025/06/05 04:56:11 node.go:1221: Node Stats:
2025/06/05 04:56:11 node.go:1222:   Operations: GET(0/0) PUT(0/0)
2025/06/05 04:56:11 node.go:1225:   Latency: GET[avg:0ms max:0ms] PUT[avg:0ms max:0ms]
2025/06/05 04:56:11 node.go:1230:   Conflicts: detected:0 resolved:0
2025/06/05 04:56:11 node.go:1232:   Hints: stored:0 delivered:0
2025/06/05 04:57:11 node.go:1221: Node Stats:
2025/06/05 04:57:11 node.go:1222:   Operations: GET(0/0) PUT(0/0)
2025/06/05 04:57:11 node.go:1225:   Latency: GET[avg:0ms max:0ms] PUT[avg:0ms max:0ms]
2025/06/05 04:57:11 node.go:1230:   Conflicts: detected:0 resolved:0
2025/06/05 04:57:11 node.go:1232:   Hints: stored:0 delivered:0
2025/06/05 04:58:11 node.go:1221: Node Stats:
2025/06/05 04:58:11 node.go:1222:   Operations: GET(0/0) PUT(0/0)
2025/06/05 04:58:11 node.go:1225:   Latency: GET[avg:0ms max:0ms] PUT[avg:0ms max:0ms]
2025/06/05 04:58:11 node.go:1230:   Conflicts: detected:0 resolved:0
2025/06/05 04:58:11 node.go:1232:   Hints: stored:0 delivered:0
2025/06/05 04:59:11 node.go:1221: Node Stats:
2025/06/05 04:59:11 node.go:1222:   Operations: GET(0/0) PUT(0/0)
2025/06/05 04:59:11 node.go:1225:   Latency: GET[avg:0ms max:0ms] PUT[avg:0ms max:0ms]
2025/06/05 04:59:11 node.go:1230:   Conflicts: detected:0 resolved:0
2025/06/05 04:59:11 node.go:1232:   Hints: stored:0 delivered:0
2025/06/05 05:00:11 node.go:1221: Node Stats:
2025/06/05 05:00:11 node.go:1222:   Operations: GET(0/0) PUT(0/0)
2025/06/05 05:00:11 node.go:1225:   Latency: GET[avg:0ms max:0ms] PUT[avg:0ms max:0ms]
2025/06/05 05:00:11 node.go:1230:   Conflicts: detected:0 resolved:0
2025/06/05 05:00:11 node.go:1232:   Hints: stored:0 delivered:0
2025/06/05 05:01:11 node.go:1221: Node Stats:
2025/06/05 05:01:11 node.go:1222:   Operations: GET(0/0) PUT(0/0)
2025/06/05 05:01:11 node.go:1225:   Latency: GET[avg:0ms max:0ms] PUT[avg:0ms max:0ms]
2025/06/05 05:01:11 node.go:1230:   Conflicts: detected:0 resolved:0
2025/06/05 05:01:11 node.go:1232:   Hints: stored:0 delivered:0
2025/06/05 05:02:11 node.go:1221: Node Stats:
2025/06/05 05:02:11 node.go:1222:   Operations: GET(0/0) PUT(0/0)
2025/06/05 05:02:11 node.go:1225:   Latency: GET[avg:0ms max:0ms] PUT[avg:0ms max:0ms]
2025/06/05 05:02:11 node.go:1230:   Conflicts: detected:0 resolved:0
2025/06/05 05:02:11 node.go:1232:   Hints: stored:0 delivered:0
2025/06/05 05:03:11 node.go:1221: Node Stats:
2025/06/05 05:03:11 node.go:1222:   Operations: GET(0/0) PUT(0/0)
2025/06/05 05:03:11 node.go:1225:   Latency: GET[avg:0ms max:0ms] PUT[avg:0ms max:0ms]
2025/06/05 05:03:11 node.go:1230:   Conflicts: detected:0 resolved:0
2025/06/05 05:03:11 node.go:1232:   Hints: stored:0 delivered:0
2025/06/05 05:04:11 node.go:1221: Node Stats:
2025/06/05 05:04:11 node.go:1222:   Operations: GET(0/0) PUT(0/0)
2025/06/05 05:04:11 node.go:1225:   Latency: GET[avg:0ms max:0ms] PUT[avg:0ms max:0ms]
2025/06/05 05:04:11 node.go:1230:   Conflicts: detected:0 resolved:0
2025/06/05 05:04:11 node.go:1232:   Hints: stored:0 delivered:0
2025/06/05 05:05:11 node.go:1221: Node Stats:
2025/06/05 05:05:11 node.go:1222:   Operations: GET(0/0) PUT(0/0)
2025/06/05 05:05:11 node.go:1225:   Latency: GET[avg:0ms max:0ms] PUT[avg:0ms max:0ms]
2025/06/05 05:05:11 node.go:1230:   Conflicts: detected:0 resolved:0
2025/06/05 05:05:11 node.go:1232:   Hints: stored:0 delivered:0
2025/06/05 05:06:11 node.go:1221: Node Stats:
2025/06/05 05:06:11 node.go:1222:   Operations: GET(0/0) PUT(0/0)
2025/06/05 05:06:11 node.go:1225:   Latency: GET[avg:0ms max:0ms] PUT[avg:0ms max:0ms]
2025/06/05 05:06:11 node.go:1230:   Conflicts: detected:0 resolved:0
2025/06/05 05:06:11 node.go:1232:   Hints: stored:0 delivered:0
2025/06/05 05:07:11 node.go:1221: Node Stats:
2025/06/05 05:07:11 node.go:1222:   Operations: GET(0/0) PUT(0/0)
2025/06/05 05:07:11 node.go:1225:   Latency: GET[avg:0ms max:0ms] PUT[avg:0ms max:0ms]
2025/06/05 05:07:11 node.go:1230:   Conflicts: detected:0 resolved:0
2025/06/05 05:07:11 node.go:1232:   Hints: stored:0 delivered:0
2025/06/05 05:08:11 node.go:1221: Node Stats:
2025/06/05 05:08:11 node.go:1222:   Operations: GET(0/0) PUT(0/0)
2025/06/05 05:08:11 node.go:1225:   Latency: GET[avg:0ms max:0ms] PUT[avg:0ms max:0ms]
2025/06/05 05:08:11 node.go:1230:   Conflicts: detected:0 resolved:0
2025/06/05 05:08:11 node.go:1232:   Hints: stored:0 delivered:0
2025/06/05 05:09:11 node.go:1221: Node Stats:
2025/06/05 05:09:11 node.go:1222:   Operations: GET(0/0) PUT(0/0)
2025/06/05 05:09:11 node.go:1225:   Latency: GET[avg:0ms max:0ms] PUT[avg:0ms max:0ms]
2025/06/05 05:09:11 node.go:1230:   Conflicts: detected:0 resolved:0
2025/06/05 05:09:11 node.go:1232:   Hints: stored:0 delivered:0
2025/06/05 05:10:11 node.go:1221: Node Stats:
2025/06/05 05:10:11 node.go:1222:   Operations: GET(0/0) PUT(0/0)
2025/06/05 05:10:11 node.go:1225:   Latency: GET[avg:0ms max:0ms] PUT[avg:0ms max:0ms]
2025/06/05 05:10:11 node.go:1230:   Conflicts: detected:0 resolved:0
2025/06/05 05:10:11 node.go:1232:   Hints: stored:0 delivered:0
2025/06/05 05:11:11 node.go:1221: Node Stats:
2025/06/05 05:11:11 node.go:1222:   Operations: GET(0/0) PUT(0/0)
2025/06/05 05:11:11 node.go:1225:   Latency: GET[avg:0ms max:0ms] PUT[avg:0ms max:0ms]
2025/06/05 05:11:11 node.go:1230:   Conflicts: detected:0 resolved:0
2025/06/05 05:11:11 node.go:1232:   Hints: stored:0 delivered:0
2025/06/05 05:12:11 node.go:1221: Node Stats:
2025/06/05 05:12:11 node.go:1222:   Operations: GET(0/0) PUT(0/0)
2025/06/05 05:12:11 node.go:1225:   Latency: GET[avg:0ms max:0ms] PUT[avg:0ms max:0ms]
2025/06/05 05:12:11 node.go:1230:   Conflicts: detected:0 resolved:0
2025/06/05 05:12:11 node.go:1232:   Hints: stored:0 delivered:0
2025/06/05 05:13:11 node.go:1221: Node Stats:
2025/06/05 05:13:11 node.go:1222:   Operations: GET(0/0) PUT(0/0)
2025/06/05 05:13:11 node.go:1225:   Latency: GET[avg:0ms max:0ms] PUT[avg:0ms max:0ms]
2025/06/05 05:13:11 node.go:1230:   Conflicts: detected:0 resolved:0
2025/06/05 05:13:11 node.go:1232:   Hints: stored:0 delivered:0
2025/06/05 05:14:11 node.go:1221: Node Stats:
2025/06/05 05:14:11 node.go:1222:   Operations: GET(0/0) PUT(0/0)
2025/06/05 05:14:11 node.go:1225:   Latency: GET[avg:0ms max:0ms] PUT[avg:0ms max:0ms]
2025/06/05 05:14:11 node.go:1230:   Conflicts: detected:0 resolved:0
2025/06/05 05:14:11 node.go:1232:   Hints: stored:0 delivered:0
signal: terminated
d:0
2025/06/05 05:14:11 node.go:1232:   Hints: stored:0 delivered:0
