2025/06/05 04:30:13 main.go:169: Node nodeD starting on port 5003...
2025/06/05 04:31:13 node.go:1221: Node Stats:
2025/06/05 04:31:13 node.go:1222:   Operations: GET(0/0) PUT(0/0)
2025/06/05 04:31:13 node.go:1225:   Latency: GET[avg:0ms max:0ms] PUT[avg:0ms max:0ms]
2025/06/05 04:31:13 node.go:1230:   Conflicts: detected:0 resolved:0
2025/06/05 04:31:13 node.go:1232:   Hints: stored:0 delivered:0
2025/06/05 04:32:13 node.go:1221: Node Stats:
2025/06/05 04:32:13 node.go:1222:   Operations: GET(0/0) PUT(0/0)
2025/06/05 04:32:13 node.go:1225:   Latency: GET[avg:0ms max:0ms] PUT[avg:0ms max:0ms]
2025/06/05 04:32:13 node.go:1230:   Conflicts: detected:0 resolved:0
2025/06/05 04:32:13 node.go:1232:   Hints: stored:0 delivered:0
2025/06/05 04:33:13 node.go:1221: Node Stats:
2025/06/05 04:33:13 node.go:1222:   Operations: GET(0/0) PUT(0/0)
2025/06/05 04:33:13 node.go:1225:   Latency: GET[avg:0ms max:0ms] PUT[avg:0ms max:0ms]
2025/06/05 04:33:13 node.go:1230:   Conflicts: detected:0 resolved:0
2025/06/05 04:33:13 node.go:1232:   Hints: stored:0 delivered:0
2025/06/05 04:34:13 node.go:1221: Node Stats:
2025/06/05 04:34:13 node.go:1222:   Operations: GET(0/0) PUT(0/0)
2025/06/05 04:34:13 node.go:1225:   Latency: GET[avg:0ms max:0ms] PUT[avg:0ms max:0ms]
2025/06/05 04:34:13 node.go:1230:   Conflicts: detected:0 resolved:0
2025/06/05 04:34:13 node.go:1232:   Hints: stored:0 delivered:0
2025/06/05 04:35:13 node.go:1221: Node Stats:
2025/06/05 04:35:13 node.go:1222:   Operations: GET(0/0) PUT(0/0)
2025/06/05 04:35:13 node.go:1225:   Latency: GET[avg:0ms max:0ms] PUT[avg:0ms max:0ms]
2025/06/05 04:35:13 node.go:1230:   Conflicts: detected:0 resolved:0
2025/06/05 04:35:13 node.go:1232:   Hints: stored:0 delivered:0
2025/06/05 04:36:13 node.go:1221: Node Stats:
2025/06/05 04:36:13 node.go:1222:   Operations: GET(0/0) PUT(0/0)
2025/06/05 04:36:13 node.go:1225:   Latency: GET[avg:0ms max:0ms] PUT[avg:0ms max:0ms]
2025/06/05 04:36:13 node.go:1230:   Conflicts: detected:0 resolved:0
2025/06/05 04:36:13 node.go:1232:   Hints: stored:0 delivered:0
2025/06/05 04:37:13 node.go:1221: Node Stats:
2025/06/05 04:37:13 node.go:1222:   Operations: GET(0/0) PUT(0/0)
2025/06/05 04:37:13 node.go:1225:   Latency: GET[avg:0ms max:0ms] PUT[avg:0ms max:0ms]
2025/06/05 04:37:13 node.go:1230:   Conflicts: detected:0 resolved:0
2025/06/05 04:37:13 node.go:1232:   Hints: stored:0 delivered:0
2025/06/05 04:38:13 node.go:1221: Node Stats:
2025/06/05 04:38:13 node.go:1222:   Operations: GET(0/0) PUT(0/0)
2025/06/05 04:38:13 node.go:1225:   Latency: GET[avg:0ms max:0ms] PUT[avg:0ms max:0ms]
2025/06/05 04:38:13 node.go:1230:   Conflicts: detected:0 resolved:0
2025/06/05 04:38:13 node.go:1232:   Hints: stored:0 delivered:0
2025/06/05 04:39:13 node.go:1221: Node Stats:
2025/06/05 04:39:13 node.go:1222:   Operations: GET(0/0) PUT(0/0)
2025/06/05 04:39:13 node.go:1225:   Latency: GET[avg:0ms max:0ms] PUT[avg:0ms max:0ms]
2025/06/05 04:39:13 node.go:1230:   Conflicts: detected:0 resolved:0
2025/06/05 04:39:13 node.go:1232:   Hints: stored:0 delivered:0
2025/06/05 04:40:13 node.go:1221: Node Stats:
2025/06/05 04:40:13 node.go:1222:   Operations: GET(0/0) PUT(0/0)
2025/06/05 04:40:13 node.go:1225:   Latency: GET[avg:0ms max:0ms] PUT[avg:0ms max:0ms]
2025/06/05 04:40:13 node.go:1230:   Conflicts: detected:0 resolved:0
2025/06/05 04:40:13 node.go:1232:   Hints: stored:0 delivered:0
2025/06/05 04:41:13 node.go:1221: Node Stats:
2025/06/05 04:41:13 node.go:1222:   Operations: GET(0/0) PUT(0/0)
2025/06/05 04:41:13 node.go:1225:   Latency: GET[avg:0ms max:0ms] PUT[avg:0ms max:0ms]
2025/06/05 04:41:13 node.go:1230:   Conflicts: detected:0 resolved:0
2025/06/05 04:41:13 node.go:1232:   Hints: stored:0 delivered:0
2025/06/05 04:42:13 node.go:1221: Node Stats:
2025/06/05 04:42:13 node.go:1222:   Operations: GET(0/0) PUT(0/0)
2025/06/05 04:42:13 node.go:1225:   Latency: GET[avg:0ms max:0ms] PUT[avg:0ms max:0ms]
2025/06/05 04:42:13 node.go:1230:   Conflicts: detected:0 resolved:0
2025/06/05 04:42:13 node.go:1232:   Hints: stored:0 delivered:0
2025/06/05 04:43:13 node.go:1221: Node Stats:
2025/06/05 04:43:13 node.go:1222:   Operations: GET(0/0) PUT(0/0)
2025/06/05 04:43:13 node.go:1225:   Latency: GET[avg:0ms max:0ms] PUT[avg:0ms max:0ms]
2025/06/05 04:43:13 node.go:1230:   Conflicts: detected:0 resolved:0
2025/06/05 04:43:13 node.go:1232:   Hints: stored:0 delivered:0
2025/06/05 04:44:13 node.go:1221: Node Stats:
2025/06/05 04:44:13 node.go:1222:   Operations: GET(0/0) PUT(0/0)
2025/06/05 04:44:13 node.go:1225:   Latency: GET[avg:0ms max:0ms] PUT[avg:0ms max:0ms]
2025/06/05 04:44:13 node.go:1230:   Conflicts: detected:0 resolved:0
2025/06/05 04:44:13 node.go:1232:   Hints: stored:0 delivered:0
2025/06/05 04:45:13 node.go:1221: Node Stats:
2025/06/05 04:45:13 node.go:1222:   Operations: GET(0/0) PUT(0/0)
2025/06/05 04:45:13 node.go:1225:   Latency: GET[avg:0ms max:0ms] PUT[avg:0ms max:0ms]
2025/06/05 04:45:13 node.go:1230:   Conflicts: detected:0 resolved:0
2025/06/05 04:45:13 node.go:1232:   Hints: stored:0 delivered:0
2025/06/05 04:46:13 node.go:1221: Node Stats:
2025/06/05 04:46:13 node.go:1222:   Operations: GET(0/0) PUT(0/0)
2025/06/05 04:46:13 node.go:1225:   Latency: GET[avg:0ms max:0ms] PUT[avg:0ms max:0ms]
2025/06/05 04:46:13 node.go:1230:   Conflicts: detected:0 resolved:0
2025/06/05 04:46:13 node.go:1232:   Hints: stored:0 delivered:0
2025/06/05 04:47:13 node.go:1221: Node Stats:
2025/06/05 04:47:13 node.go:1222:   Operations: GET(0/0) PUT(0/0)
2025/06/05 04:47:13 node.go:1225:   Latency: GET[avg:0ms max:0ms] PUT[avg:0ms max:0ms]
2025/06/05 04:47:13 node.go:1230:   Conflicts: detected:0 resolved:0
2025/06/05 04:47:13 node.go:1232:   Hints: stored:0 delivered:0
2025/06/05 04:48:13 node.go:1221: Node Stats:
2025/06/05 04:48:13 node.go:1222:   Operations: GET(0/0) PUT(0/0)
2025/06/05 04:48:13 node.go:1225:   Latency: GET[avg:0ms max:0ms] PUT[avg:0ms max:0ms]
2025/06/05 04:48:13 node.go:1230:   Conflicts: detected:0 resolved:0
2025/06/05 04:48:13 node.go:1232:   Hints: stored:0 delivered:0
2025/06/05 04:49:13 node.go:1221: Node Stats:
2025/06/05 04:49:13 node.go:1222:   Operations: GET(0/0) PUT(0/0)
2025/06/05 04:49:13 node.go:1225:   Latency: GET[avg:0ms max:0ms] PUT[avg:0ms max:0ms]
2025/06/05 04:49:13 node.go:1230:   Conflicts: detected:0 resolved:0
2025/06/05 04:49:13 node.go:1232:   Hints: stored:0 delivered:0
2025/06/05 04:50:13 node.go:1221: Node Stats:
2025/06/05 04:50:13 node.go:1222:   Operations: GET(0/0) PUT(0/0)
2025/06/05 04:50:13 node.go:1225:   Latency: GET[avg:0ms max:0ms] PUT[avg:0ms max:0ms]
2025/06/05 04:50:13 node.go:1230:   Conflicts: detected:0 resolved:0
2025/06/05 04:50:13 node.go:1232:   Hints: stored:0 delivered:0
2025/06/05 04:51:13 node.go:1221: Node Stats:
2025/06/05 04:51:13 node.go:1222:   Operations: GET(0/0) PUT(0/0)
2025/06/05 04:51:13 node.go:1225:   Latency: GET[avg:0ms max:0ms] PUT[avg:0ms max:0ms]
2025/06/05 04:51:13 node.go:1230:   Conflicts: detected:0 resolved:0
2025/06/05 04:51:13 node.go:1232:   Hints: stored:0 delivered:0
2025/06/05 04:52:13 node.go:1221: Node Stats:
2025/06/05 04:52:13 node.go:1222:   Operations: GET(0/0) PUT(0/0)
2025/06/05 04:52:13 node.go:1225:   Latency: GET[avg:0ms max:0ms] PUT[avg:0ms max:0ms]
2025/06/05 04:52:13 node.go:1230:   Conflicts: detected:0 resolved:0
2025/06/05 04:52:13 node.go:1232:   Hints: stored:0 delivered:0
2025/06/05 04:53:13 node.go:1221: Node Stats:
2025/06/05 04:53:13 node.go:1222:   Operations: GET(0/0) PUT(0/0)
2025/06/05 04:53:13 node.go:1225:   Latency: GET[avg:0ms max:0ms] PUT[avg:0ms max:0ms]
2025/06/05 04:53:13 node.go:1230:   Conflicts: detected:0 resolved:0
2025/06/05 04:53:13 node.go:1232:   Hints: stored:0 delivered:0
2025/06/05 04:54:13 node.go:1221: Node Stats:
2025/06/05 04:54:13 node.go:1222:   Operations: GET(0/0) PUT(0/0)
2025/06/05 04:54:13 node.go:1225:   Latency: GET[avg:0ms max:0ms] PUT[avg:0ms max:0ms]
2025/06/05 04:54:13 node.go:1230:   Conflicts: detected:0 resolved:0
2025/06/05 04:54:13 node.go:1232:   Hints: stored:0 delivered:0
2025/06/05 04:55:13 node.go:1221: Node Stats:
2025/06/05 04:55:13 node.go:1222:   Operations: GET(0/0) PUT(0/0)
2025/06/05 04:55:13 node.go:1225:   Latency: GET[avg:0ms max:0ms] PUT[avg:0ms max:0ms]
2025/06/05 04:55:13 node.go:1230:   Conflicts: detected:0 resolved:0
2025/06/05 04:55:13 node.go:1232:   Hints: stored:0 delivered:0
2025/06/05 04:56:13 node.go:1221: Node Stats:
2025/06/05 04:56:13 node.go:1222:   Operations: GET(0/0) PUT(0/0)
2025/06/05 04:56:13 node.go:1225:   Latency: GET[avg:0ms max:0ms] PUT[avg:0ms max:0ms]
2025/06/05 04:56:13 node.go:1230:   Conflicts: detected:0 resolved:0
2025/06/05 04:56:13 node.go:1232:   Hints: stored:0 delivered:0
2025/06/05 04:57:13 node.go:1221: Node Stats:
2025/06/05 04:57:13 node.go:1222:   Operations: GET(0/0) PUT(0/0)
2025/06/05 04:57:13 node.go:1225:   Latency: GET[avg:0ms max:0ms] PUT[avg:0ms max:0ms]
2025/06/05 04:57:13 node.go:1230:   Conflicts: detected:0 resolved:0
2025/06/05 04:57:13 node.go:1232:   Hints: stored:0 delivered:0
2025/06/05 04:58:13 node.go:1221: Node Stats:
2025/06/05 04:58:13 node.go:1222:   Operations: GET(0/0) PUT(0/0)
2025/06/05 04:58:13 node.go:1225:   Latency: GET[avg:0ms max:0ms] PUT[avg:0ms max:0ms]
2025/06/05 04:58:13 node.go:1230:   Conflicts: detected:0 resolved:0
2025/06/05 04:58:13 node.go:1232:   Hints: stored:0 delivered:0
2025/06/05 04:59:13 node.go:1221: Node Stats:
2025/06/05 04:59:13 node.go:1222:   Operations: GET(0/0) PUT(0/0)
2025/06/05 04:59:13 node.go:1225:   Latency: GET[avg:0ms max:0ms] PUT[avg:0ms max:0ms]
2025/06/05 04:59:13 node.go:1230:   Conflicts: detected:0 resolved:0
2025/06/05 04:59:13 node.go:1232:   Hints: stored:0 delivered:0
2025/06/05 05:00:13 node.go:1221: Node Stats:
2025/06/05 05:00:13 node.go:1222:   Operations: GET(0/0) PUT(0/0)
2025/06/05 05:00:13 node.go:1225:   Latency: GET[avg:0ms max:0ms] PUT[avg:0ms max:0ms]
2025/06/05 05:00:13 node.go:1230:   Conflicts: detected:0 resolved:0
2025/06/05 05:00:13 node.go:1232:   Hints: stored:0 delivered:0
2025/06/05 05:01:13 node.go:1221: Node Stats:
2025/06/05 05:01:13 node.go:1222:   Operations: GET(0/0) PUT(0/0)
2025/06/05 05:01:13 node.go:1225:   Latency: GET[avg:0ms max:0ms] PUT[avg:0ms max:0ms]
2025/06/05 05:01:13 node.go:1230:   Conflicts: detected:0 resolved:0
2025/06/05 05:01:13 node.go:1232:   Hints: stored:0 delivered:0
2025/06/05 05:02:13 node.go:1221: Node Stats:
2025/06/05 05:02:13 node.go:1222:   Operations: GET(0/0) PUT(0/0)
2025/06/05 05:02:13 node.go:1225:   Latency: GET[avg:0ms max:0ms] PUT[avg:0ms max:0ms]
2025/06/05 05:02:13 node.go:1230:   Conflicts: detected:0 resolved:0
2025/06/05 05:02:13 node.go:1232:   Hints: stored:0 delivered:0
2025/06/05 05:03:13 node.go:1221: Node Stats:
2025/06/05 05:03:13 node.go:1222:   Operations: GET(0/0) PUT(0/0)
2025/06/05 05:03:13 node.go:1225:   Latency: GET[avg:0ms max:0ms] PUT[avg:0ms max:0ms]
2025/06/05 05:03:13 node.go:1230:   Conflicts: detected:0 resolved:0
2025/06/05 05:03:13 node.go:1232:   Hints: stored:0 delivered:0
2025/06/05 05:04:13 node.go:1221: Node Stats:
2025/06/05 05:04:13 node.go:1222:   Operations: GET(0/0) PUT(0/0)
2025/06/05 05:04:13 node.go:1225:   Latency: GET[avg:0ms max:0ms] PUT[avg:0ms max:0ms]
2025/06/05 05:04:13 node.go:1230:   Conflicts: detected:0 resolved:0
2025/06/05 05:04:13 node.go:1232:   Hints: stored:0 delivered:0
2025/06/05 05:05:13 node.go:1221: Node Stats:
2025/06/05 05:05:13 node.go:1222:   Operations: GET(0/0) PUT(0/0)
2025/06/05 05:05:13 node.go:1225:   Latency: GET[avg:0ms max:0ms] PUT[avg:0ms max:0ms]
2025/06/05 05:05:13 node.go:1230:   Conflicts: detected:0 resolved:0
2025/06/05 05:05:13 node.go:1232:   Hints: stored:0 delivered:0
2025/06/05 05:06:13 node.go:1221: Node Stats:
2025/06/05 05:06:13 node.go:1222:   Operations: GET(0/0) PUT(0/0)
2025/06/05 05:06:13 node.go:1225:   Latency: GET[avg:0ms max:0ms] PUT[avg:0ms max:0ms]
2025/06/05 05:06:13 node.go:1230:   Conflicts: detected:0 resolved:0
2025/06/05 05:06:13 node.go:1232:   Hints: stored:0 delivered:0
2025/06/05 05:07:13 node.go:1221: Node Stats:
2025/06/05 05:07:13 node.go:1222:   Operations: GET(0/0) PUT(0/0)
2025/06/05 05:07:13 node.go:1225:   Latency: GET[avg:0ms max:0ms] PUT[avg:0ms max:0ms]
2025/06/05 05:07:13 node.go:1230:   Conflicts: detected:0 resolved:0
2025/06/05 05:07:13 node.go:1232:   Hints: stored:0 delivered:0
2025/06/05 05:08:13 node.go:1221: Node Stats:
2025/06/05 05:08:13 node.go:1222:   Operations: GET(0/0) PUT(0/0)
2025/06/05 05:08:13 node.go:1225:   Latency: GET[avg:0ms max:0ms] PUT[avg:0ms max:0ms]
2025/06/05 05:08:13 node.go:1230:   Conflicts: detected:0 resolved:0
2025/06/05 05:08:13 node.go:1232:   Hints: stored:0 delivered:0
2025/06/05 05:09:13 node.go:1221: Node Stats:
2025/06/05 05:09:13 node.go:1222:   Operations: GET(0/0) PUT(0/0)
2025/06/05 05:09:13 node.go:1225:   Latency: GET[avg:0ms max:0ms] PUT[avg:0ms max:0ms]
2025/06/05 05:09:13 node.go:1230:   Conflicts: detected:0 resolved:0
2025/06/05 05:09:13 node.go:1232:   Hints: stored:0 delivered:0
2025/06/05 05:10:13 node.go:1221: Node Stats:
2025/06/05 05:10:13 node.go:1222:   Operations: GET(0/0) PUT(0/0)
2025/06/05 05:10:13 node.go:1225:   Latency: GET[avg:0ms max:0ms] PUT[avg:0ms max:0ms]
2025/06/05 05:10:13 node.go:1230:   Conflicts: detected:0 resolved:0
2025/06/05 05:10:13 node.go:1232:   Hints: stored:0 delivered:0
2025/06/05 05:11:13 node.go:1221: Node Stats:
2025/06/05 05:11:13 node.go:1222:   Operations: GET(0/0) PUT(0/0)
2025/06/05 05:11:13 node.go:1225:   Latency: GET[avg:0ms max:0ms] PUT[avg:0ms max:0ms]
2025/06/05 05:11:13 node.go:1230:   Conflicts: detected:0 resolved:0
2025/06/05 05:11:13 node.go:1232:   Hints: stored:0 delivered:0
2025/06/05 05:12:13 node.go:1221: Node Stats:
2025/06/05 05:12:13 node.go:1222:   Operations: GET(0/0) PUT(0/0)
2025/06/05 05:12:13 node.go:1225:   Latency: GET[avg:0ms max:0ms] PUT[avg:0ms max:0ms]
2025/06/05 05:12:13 node.go:1230:   Conflicts: detected:0 resolved:0
2025/06/05 05:12:13 node.go:1232:   Hints: stored:0 delivered:0
2025/06/05 05:13:13 node.go:1221: Node Stats:
2025/06/05 05:13:13 node.go:1222:   Operations: GET(0/0) PUT(0/0)
2025/06/05 05:13:13 node.go:1225:   Latency: GET[avg:0ms max:0ms] PUT[avg:0ms max:0ms]
2025/06/05 05:13:13 node.go:1230:   Conflicts: detected:0 resolved:0
2025/06/05 05:13:13 node.go:1232:   Hints: stored:0 delivered:0
2025/06/05 05:14:13 node.go:1221: Node Stats:
2025/06/05 05:14:13 node.go:1222:   Operations: GET(0/0) PUT(0/0)
2025/06/05 05:14:13 node.go:1225:   Latency: GET[avg:0ms max:0ms] PUT[avg:0ms max:0ms]
2025/06/05 05:14:13 node.go:1230:   Conflicts: detected:0 resolved:0
2025/06/05 05:14:13 node.go:1232:   Hints: stored:0 delivered:0
signal: terminated
d:0
2025/06/05 05:14:13 node.go:1232:   Hints: stored:0 delivered:0
